#-----------------------------------------------------------
# Vivado v2020.1 (64-bit)
# SW Build 2902540 on Wed May 27 19:54:49 MDT 2020
# IP Build 2902112 on Wed May 27 22:43:36 MDT 2020
# Start of session at: Thu Dec  8 20:11:04 2022
# Process ID: 20516
# Current directory: D:/campus/VE370/lab/lab7-2
# Command line: vivado.exe -gui_launcher_event rodinguilauncherevent1712 D:\campus\VE370\lab\lab7-2\lab7-2.xpr
# Log file: D:/campus/VE370/lab/lab7-2/vivado.log
# Journal file: D:/campus/VE370/lab/lab7-2\vivado.jou
#-----------------------------------------------------------
start_gui
open_project D:/campus/VE370/lab/lab7-2/lab7-2.xpr
Scanning sources...
Finished scanning sources
WARNING: [filemgmt 56-3] Default IP Output Path : Could not find the directory 'D:/campus/VE370/lab/lab7-2/lab7-2.srcs/sources_1'.
INFO: [IP_Flow 19-234] Refreshing IP repositories
INFO: [IP_Flow 19-1704] No user IP repositories specified
INFO: [IP_Flow 19-2313] Loaded Vivado IP repository 'E:/Xilinx/Vivado/2020.1/data/ip'.
update_compile_order -fileset sources_1
launch_simulation
Command: launch_simulation 
INFO: [Vivado 12-5682] Launching behavioral simulation in 'D:/campus/VE370/lab/lab7-2/lab7-2.sim/sim_1/behav/xsim'
INFO: [SIM-utils-51] Simulation object is 'sim_1'
INFO: [SIM-utils-54] Inspecting design source files for 'sim_lab7' in fileset 'sim_1'...
INFO: [USF-XSim-97] Finding global include files...
INFO: [USF-XSim-98] Fetching design files from 'sim_1'...
INFO: [USF-XSim-2] XSim::Compile design
INFO: [USF-XSim-61] Executing 'COMPILE and ANALYZE' step in 'D:/campus/VE370/lab/lab7-2/lab7-2.sim/sim_1/behav/xsim'
"xvlog --incr --relax -prj sim_lab7_vlog.prj"
INFO: [VRFC 10-2263] Analyzing Verilog file "D:/campus/VE370/lab/lab7-2/TLB.v" into library xil_defaultlib
INFO: [VRFC 10-311] analyzing module TLB
INFO: [VRFC 10-311] analyzing module Page_table
INFO: [VRFC 10-311] analyzing module main_memory
INFO: [VRFC 10-311] analyzing module processor
INFO: [VRFC 10-311] analyzing module cache
INFO: [VRFC 10-2263] Analyzing Verilog file "D:/campus/VE370/lab/lab7-2/sim_lab7.v" into library xil_defaultlib
INFO: [VRFC 10-311] analyzing module sim_lab7
INFO: [VRFC 10-2263] Analyzing Verilog file "D:/campus/VE370/lab/lab7-2/lab7-2.sim/sim_1/behav/xsim/glbl.v" into library xil_defaultlib
INFO: [VRFC 10-311] analyzing module glbl
INFO: [USF-XSim-69] 'compile' step finished in '2' seconds
INFO: [USF-XSim-3] XSim::Elaborate design
INFO: [USF-XSim-61] Executing 'ELABORATE' step in 'D:/campus/VE370/lab/lab7-2/lab7-2.sim/sim_1/behav/xsim'
"xelab -wto a5cbcfe14d8e46d495012ff5d232bb25 --incr --debug typical --relax --mt 2 -L xil_defaultlib -L unisims_ver -L unimacro_ver -L secureip --snapshot sim_lab7_behav xil_defaultlib.sim_lab7 xil_defaultlib.glbl -log elaborate.log"
Vivado Simulator 2020.1
Copyright 1986-1999, 2001-2020 Xilinx, Inc. All Rights Reserved.
Running: E:/Xilinx/Vivado/2020.1/bin/unwrapped/win64.o/xelab.exe -wto a5cbcfe14d8e46d495012ff5d232bb25 --incr --debug typical --relax --mt 2 -L xil_defaultlib -L unisims_ver -L unimacro_ver -L secureip --snapshot sim_lab7_behav xil_defaultlib.sim_lab7 xil_defaultlib.glbl -log elaborate.log 
Using 2 slave threads.
Starting static elaboration
Pass Through NonSizing Optimizer
WARNING: [VRFC 10-3091] actual bit length 32 differs from formal bit length 10 for port 'addr_out' [D:/campus/VE370/lab/lab7-2/sim_lab7.v:36]
WARNING: [VRFC 10-3091] actual bit length 32 differs from formal bit length 10 for port 'addr' [D:/campus/VE370/lab/lab7-2/sim_lab7.v:56]
WARNING: [VRFC 10-3705] select index 12 into 'read_write_test' is out of bounds [D:/campus/VE370/lab/lab7-2/TLB.v:282]
WARNING: [VRFC 10-3705] select index 13 into 'read_write_test' is out of bounds [D:/campus/VE370/lab/lab7-2/TLB.v:285]
Completed static elaboration
Starting simulation data flow analysis
Completed simulation data flow analysis
Time Resolution for simulation is 1ps
Compiling module xil_defaultlib.TLB
Compiling module xil_defaultlib.Page_table
Compiling module xil_defaultlib.cache
Compiling module xil_defaultlib.main_memory
Compiling module xil_defaultlib.processor
Compiling module xil_defaultlib.sim_lab7
Compiling module xil_defaultlib.glbl
Built simulation snapshot sim_lab7_behav

****** Webtalk v2020.1 (64-bit)
  **** SW Build 2902540 on Wed May 27 19:54:49 MDT 2020
  **** IP Build 2902112 on Wed May 27 22:43:36 MDT 2020
    ** Copyright 1986-2020 Xilinx, Inc. All Rights Reserved.

source D:/campus/VE370/lab/lab7-2/lab7-2.sim/sim_1/behav/xsim/xsim.dir/sim_lab7_behav/webtalk/xsim_webtalk.tcl -notrace
INFO: [Common 17-186] 'D:/campus/VE370/lab/lab7-2/lab7-2.sim/sim_1/behav/xsim/xsim.dir/sim_lab7_behav/webtalk/usage_statistics_ext_xsim.xml' has been successfully sent to Xilinx on Thu Dec  8 20:11:38 2022. For additional details about this file, please refer to the WebTalk help file at E:/Xilinx/Vivado/2020.1/doc/webtalk_introduction.html.
webtalk_transmit: Time (s): cpu = 00:00:00 ; elapsed = 00:00:05 . Memory (MB): peak = 113.898 ; gain = 23.707
INFO: [Common 17-206] Exiting Webtalk at Thu Dec  8 20:11:38 2022...
run_program: Time (s): cpu = 00:00:00 ; elapsed = 00:00:09 . Memory (MB): peak = 1025.586 ; gain = 0.000
INFO: [USF-XSim-69] 'elaborate' step finished in '8' seconds
INFO: [USF-XSim-4] XSim::Simulate design
INFO: [USF-XSim-61] Executing 'SIMULATE' step in 'D:/campus/VE370/lab/lab7-2/lab7-2.sim/sim_1/behav/xsim'
INFO: [USF-XSim-98] *** Running xsim
   with args "sim_lab7_behav -key {Behavioral:sim_1:Functional:sim_lab7} -tclbatch {sim_lab7.tcl} -log {simulate.log}"
INFO: [USF-XSim-8] Loading simulator feature
Vivado Simulator 2020.1
Time resolution is 1 ps
source sim_lab7.tcl
# set curr_wave [current_wave_config]
# if { [string length $curr_wave] == 0 } {
#   if { [llength [get_objects]] > 0} {
#     add_wave /
#     set_property needs_save false [current_wave_config]
#   } else {
#      send_msg_id Add_Wave-1 WARNING "No top level signals found. Simulator will start without a wave window. If you want to open a wave window go to 'File->New Waveform Configuration' or type 'create_wave_config' in the TCL console."
#   }
# }
# run 1000ns
Request  0: 
page fault: 0
data read posedge: xxxxxxxx
contents in TLB: 
block 00: tag:  4, valid: 1, dirty: 1, reference: 11, VPN: 2
block 01: tag: x, valid: 0, dirty: 0, reference: 00, VPN: x
block 10: tag: x, valid: 0, dirty: 0, reference: 00, VPN: x
block 11: tag: x, valid: 0, dirty: 0, reference: 00, VPN: x
contents in cache: 
block 00: tag: 10100, valid: 1, dirty: 1, word0: 0000028d, word1: 00000285, word2: 00000001, word3: 00000281
block 01: tag: 00000, valid: 0, dirty: 0, word0: xxxxxxxx, word1: xxxxxxxx, word2: xxxxxxxx, word3: xxxxxxxx
block 10: tag: 00000, valid: 0, dirty: 0, word0: xxxxxxxx, word1: xxxxxxxx, word2: xxxxxxxx, word3: xxxxxxxx
block 11: tag: 00000, valid: 0, dirty: 0, word0: xxxxxxxx, word1: xxxxxxxx, word2: xxxxxxxx, word3: xxxxxxxx
Request  1: 
page fault: 0
data read posedge: xxxxxxxx
contents in TLB: 
block 00: tag:  4, valid: 1, dirty: 1, reference: 10, VPN: 2
block 01: tag:  0, valid: 1, dirty: 1, reference: 11, VPN: 1
block 10: tag: x, valid: 0, dirty: 0, reference: 00, VPN: x
block 11: tag: x, valid: 0, dirty: 0, reference: 00, VPN: x
contents in cache: 
block 00: tag: 10100, valid: 1, dirty: 1, word0: 0000028d, word1: 00000285, word2: 00000001, word3: 00000281
block 01: tag: 00000, valid: 0, dirty: 0, word0: xxxxxxxx, word1: xxxxxxxx, word2: xxxxxxxx, word3: xxxxxxxx
block 10: tag: 01100, valid: 1, dirty: 1, word0: 00000191, word1: 00000199, word2: 00000195, word3: 00000dac
block 11: tag: 00000, valid: 0, dirty: 0, word0: xxxxxxxx, word1: xxxxxxxx, word2: xxxxxxxx, word3: xxxxxxxx
Request  2: 
page fault: 0
data read posedge: xxxxxxxx
contents in TLB: 
block 00: tag:  4, valid: 1, dirty: 1, reference: 01, VPN: 2
block 01: tag:  0, valid: 1, dirty: 1, reference: 10, VPN: 1
block 10: tag:  1, valid: 1, dirty: 1, reference: 11, VPN: 3
block 11: tag: x, valid: 0, dirty: 0, reference: 00, VPN: x
contents in cache: 
block 00: tag: 10100, valid: 1, dirty: 1, word0: 0000028d, word1: 00000285, word2: 00000001, word3: 00000281
block 01: tag: 00000, valid: 0, dirty: 0, word0: xxxxxxxx, word1: xxxxxxxx, word2: xxxxxxxx, word3: xxxxxxxx
block 10: tag: 01100, valid: 1, dirty: 1, word0: 00000191, word1: 00000199, word2: 00000195, word3: 00000dac
block 11: tag: 11100, valid: 1, dirty: 1, word0: 0000039d, word1: 00000395, word2: 00000fac, word3: 00000391
Request  3: 
page fault: 0
data read posedge: xxxxxxxx
contents in TLB: 
block 00: tag:  4, valid: 1, dirty: 1, reference: 00, VPN: 2
block 01: tag:  0, valid: 1, dirty: 1, reference: 11, VPN: 1
block 10: tag:  1, valid: 1, dirty: 1, reference: 10, VPN: 3
block 11: tag: x, valid: 0, dirty: 0, reference: 00, VPN: x
contents in cache: 
block 00: tag: 10100, valid: 1, dirty: 1, word0: 0000028d, word1: 00000285, word2: 00000001, word3: 00000281
block 01: tag: 00000, valid: 0, dirty: 0, word0: xxxxxxxx, word1: xxxxxxxx, word2: xxxxxxxx, word3: xxxxxxxx
block 10: tag: 01100, valid: 1, dirty: 1, word0: 00000191, word1: 00000199, word2: 0000ac95, word3: 00000dac
block 11: tag: 11100, valid: 1, dirty: 1, word0: 0000039d, word1: 00000395, word2: 00000fac, word3: 00000391
Request  4: 
page fault: 0
data read posedge: 00000001
contents in TLB: 
block 00: tag:  4, valid: 1, dirty: 1, reference: 00, VPN: 2
block 01: tag:  0, valid: 1, dirty: 1, reference: 10, VPN: 1
block 10: tag:  1, valid: 1, dirty: 1, reference: 01, VPN: 3
block 11: tag:  7, valid: 1, dirty: 1, reference: 11, VPN: 1
contents in cache: 
block 00: tag: 10100, valid: 1, dirty: 1, word0: 0000028d, word1: 00000285, word2: 00000001, word3: 00000281
block 01: tag: 00000, valid: 0, dirty: 0, word0: xxxxxxxx, word1: xxxxxxxx, word2: xxxxxxxx, word3: xxxxxxxx
block 10: tag: 01100, valid: 1, dirty: 1, word0: 00000191, word1: 00000199, word2: 0000ac95, word3: 00000dac
block 11: tag: 11100, valid: 1, dirty: 1, word0: 0000039d, word1: 00000395, word2: 00000fac, word3: 00000391
Request  5: 
page fault: 0
data read posedge: 00000001
contents in TLB: 
block 00: tag:  8, valid: 1, dirty: 1, reference: 11, VPN: 1
block 01: tag:  0, valid: 1, dirty: 1, reference: 01, VPN: 1
block 10: tag:  1, valid: 1, dirty: 1, reference: 00, VPN: 3
block 11: tag:  7, valid: 1, dirty: 1, reference: 10, VPN: 1
contents in cache: 
block 00: tag: 10100, valid: 1, dirty: 1, word0: 0000028d, word1: 00000285, word2: 00000001, word3: 00000281
block 01: tag: 00000, valid: 0, dirty: 0, word0: xxxxxxxx, word1: xxxxxxxx, word2: xxxxxxxx, word3: xxxxxxxx
block 10: tag: 01100, valid: 1, dirty: 1, word0: 00000191, word1: 00000199, word2: 0000ac95, word3: 00000dac
block 11: tag: 01110, valid: 1, dirty: 1, word0: 000001dd, word1: 000001d9, word2: 000001d5, word3: 000001d1
Request  6: 
page fault: 0
data read posedge: 000003d9
contents in TLB: 
block 00: tag:  8, valid: 1, dirty: 1, reference: 10, VPN: 1
block 01: tag:  0, valid: 1, dirty: 1, reference: 00, VPN: 1
block 10: tag:  1, valid: 1, dirty: 1, reference: 11, VPN: 3
block 11: tag:  7, valid: 1, dirty: 1, reference: 01, VPN: 1
contents in cache: 
block 00: tag: 10100, valid: 1, dirty: 1, word0: 0000028d, word1: 00000285, word2: 00000001, word3: 00000281
block 01: tag: 00000, valid: 0, dirty: 0, word0: xxxxxxxx, word1: xxxxxxxx, word2: xxxxxxxx, word3: xxxxxxxx
block 10: tag: 11110, valid: 1, dirty: 1, word0: 000003dd, word1: 000003d9, word2: 000003d5, word3: 000003d1
block 11: tag: 01110, valid: 1, dirty: 1, word0: 000001dd, word1: 000001d9, word2: 000001d5, word3: 000001d1
Request  7: 
page fault: 0
data read posedge: 000003d9
contents in TLB: 
block 00: tag:  8, valid: 1, dirty: 1, reference: 01, VPN: 1
block 01: tag:  0, valid: 1, dirty: 1, reference: 00, VPN: 1
block 10: tag:  1, valid: 1, dirty: 1, reference: 10, VPN: 3
block 11: tag:  7, valid: 1, dirty: 1, reference: 11, VPN: 1
contents in cache: 
block 00: tag: 10100, valid: 1, dirty: 1, word0: 0000028d, word1: 00000285, word2: 00000001, word3: 00000281
block 01: tag: 00000, valid: 0, dirty: 0, word0: xxxxxxxx, word1: xxxxxxxx, word2: xxxxxxxx, word3: xxxxxxxx
block 10: tag: 11110, valid: 1, dirty: 1, word0: 000003dd, word1: 000003d9, word2: 000003d5, word3: 000003d1
block 11: tag: 01100, valid: 1, dirty: 1, word0: 00000191, word1: 48000199, word2: 0000ac95, word3: 00000dac
Request  8: 
page fault: 0
data read posedge: 0000ac95
contents in TLB: 
block 00: tag:  8, valid: 1, dirty: 1, reference: 00, VPN: 1
block 01: tag:  0, valid: 1, dirty: 1, reference: 11, VPN: 1
block 10: tag:  1, valid: 1, dirty: 1, reference: 01, VPN: 3
block 11: tag:  7, valid: 1, dirty: 1, reference: 10, VPN: 1
contents in cache: 
block 00: tag: 10100, valid: 1, dirty: 1, word0: 0000028d, word1: 00000285, word2: 00000001, word3: 00000281
block 01: tag: 00000, valid: 0, dirty: 0, word0: xxxxxxxx, word1: xxxxxxxx, word2: xxxxxxxx, word3: xxxxxxxx
block 10: tag: 11110, valid: 1, dirty: 1, word0: 000003dd, word1: 000003d9, word2: 000003d5, word3: 000003d1
block 11: tag: 01100, valid: 1, dirty: 1, word0: 00000191, word1: 48000199, word2: 0000ac95, word3: 00000dac
Request  9: 
page fault: 0
data read posedge: 48000199
contents in TLB: 
block 00: tag: 10, valid: 1, dirty: 1, reference: 11, VPN: 1
block 01: tag:  0, valid: 1, dirty: 1, reference: 10, VPN: 1
block 10: tag:  1, valid: 1, dirty: 1, reference: 00, VPN: 3
block 11: tag:  7, valid: 1, dirty: 1, reference: 01, VPN: 1
contents in cache: 
block 00: tag: 10100, valid: 1, dirty: 1, word0: 0000028d, word1: 00000285, word2: 00000001, word3: 00000281
block 01: tag: 00000, valid: 0, dirty: 0, word0: xxxxxxxx, word1: xxxxxxxx, word2: xxxxxxxx, word3: xxxxxxxx
block 10: tag: 11110, valid: 1, dirty: 1, word0: 000003dd, word1: 000003d9, word2: 000003d5, word3: 000003d1
block 11: tag: 01100, valid: 1, dirty: 1, word0: 00000191, word1: 48000199, word2: 0000ac95, word3: 00000dac
Request 10: 
page fault: 0
data read posedge: 000001d9
contents in TLB: 
block 00: tag: 10, valid: 1, dirty: 1, reference: 10, VPN: 1
block 01: tag:  0, valid: 1, dirty: 1, reference: 11, VPN: 1
block 10: tag:  1, valid: 1, dirty: 1, reference: 00, VPN: 3
block 11: tag:  7, valid: 1, dirty: 1, reference: 00, VPN: 1
contents in cache: 
block 00: tag: 10100, valid: 1, dirty: 1, word0: 0000028d, word1: 00000285, word2: 00000001, word3: 00000281
block 01: tag: 00000, valid: 0, dirty: 0, word0: xxxxxxxx, word1: xxxxxxxx, word2: xxxxxxxx, word3: xxxxxxxx
block 10: tag: 01110, valid: 1, dirty: 1, word0: 000001dd, word1: 000001d9, word2: 000001d5, word3: 000001d1
block 11: tag: 01100, valid: 1, dirty: 1, word0: 00000191, word1: 48000199, word2: 0000ac95, word3: 00000dac
$stop called at time : 550 ns : File "D:/campus/VE370/lab/lab7-2/sim_lab7.v" Line 98
INFO: [USF-XSim-96] XSim completed. Design snapshot 'sim_lab7_behav' loaded.
INFO: [USF-XSim-97] XSim simulation ran for 1000ns
launch_simulation: Time (s): cpu = 00:00:08 ; elapsed = 00:00:13 . Memory (MB): peak = 1025.586 ; gain = 0.000
close_sim
INFO: [Simtcl 6-16] Simulation closed
close_sim: Time (s): cpu = 00:00:02 ; elapsed = 00:00:06 . Memory (MB): peak = 1025.586 ; gain = 0.000
exit
INFO: [Common 17-206] Exiting Vivado at Thu Dec  8 20:52:13 2022...
