#-----------------------------------------------------------
# Vivado v2020.1 (64-bit)
# SW Build 2902540 on Wed May 27 19:54:49 MDT 2020
# IP Build 2902112 on Wed May 27 22:43:36 MDT 2020
# Start of session at: Fri Oct 14 21:27:52 2022
# Process ID: 15456
# Current directory: D:/campus/VE370/HW/HW2/problem8
# Command line: vivado.exe -gui_launcher_event rodinguilauncherevent15208 D:\campus\VE370\HW\HW2\problem8\problem8.xpr
# Log file: D:/campus/VE370/HW/HW2/problem8/vivado.log
# Journal file: D:/campus/VE370/HW/HW2/problem8\vivado.jou
#-----------------------------------------------------------
start_gui
open_project D:/campus/VE370/HW/HW2/problem8/problem8.xpr
Scanning sources...
Finished scanning sources
INFO: [IP_Flow 19-234] Refreshing IP repositories
INFO: [IP_Flow 19-1704] No user IP repositories specified
INFO: [IP_Flow 19-2313] Loaded Vivado IP repository 'E:/Xilinx/Vivado/2020.1/data/ip'.
update_compile_order -fileset sources_1
exit
INFO: [Common 17-206] Exiting Vivado at Fri Oct 14 21:28:36 2022...
