#-----------------------------------------------------------
# Vivado v2020.1 (64-bit)
# SW Build 2902540 on Wed May 27 19:54:49 MDT 2020
# IP Build 2902112 on Wed May 27 22:43:36 MDT 2020
# Start of session at: Fri Oct 14 18:07:33 2022
# Process ID: 392
# Current directory: D:/campus/VE370/HW/HW2/problem9
# Command line: vivado.exe -gui_launcher_event rodinguilauncherevent6952 D:\campus\VE370\HW\HW2\problem9\problem9.xpr
# Log file: D:/campus/VE370/HW/HW2/problem9/vivado.log
# Journal file: D:/campus/VE370/HW/HW2/problem9\vivado.jou
#-----------------------------------------------------------
start_gui
open_project D:/campus/VE370/HW/HW2/problem9/problem9.xpr
Scanning sources...
Finished scanning sources
INFO: [IP_Flow 19-234] Refreshing IP repositories
INFO: [IP_Flow 19-1704] No user IP repositories specified
INFO: [IP_Flow 19-2313] Loaded Vivado IP repository 'E:/Xilinx/Vivado/2020.1/data/ip'.
update_compile_order -fileset sources_1
exit
INFO: [Common 17-206] Exiting Vivado at Fri Oct 14 18:07:57 2022...
