#-----------------------------------------------------------
# Vivado v2020.1 (64-bit)
# SW Build 2902540 on Wed May 27 19:54:49 MDT 2020
# IP Build 2902112 on Wed May 27 22:43:36 MDT 2020
# Start of session at: Thu Dec  8 20:03:24 2022
# Process ID: 2160
# Current directory: D:/campus/VE370/lab/lab7
# Command line: vivado.exe -gui_launcher_event rodinguilauncherevent5708 D:\campus\VE370\lab\lab7\lab7.xpr
# Log file: D:/campus/VE370/lab/lab7/vivado.log
# Journal file: D:/campus/VE370/lab/lab7\vivado.jou
#-----------------------------------------------------------
start_gui
open_project D:/campus/VE370/lab/lab7/lab7.xpr
Scanning sources...
Finished scanning sources
INFO: [IP_Flow 19-234] Refreshing IP repositories
INFO: [IP_Flow 19-1704] No user IP repositories specified
INFO: [IP_Flow 19-2313] Loaded Vivado IP repository 'E:/Xilinx/Vivado/2020.1/data/ip'.
update_compile_order -fileset sources_1
exit
